<?xml version='1.0' encoding='UTF-8'?>
<testsuite hostname="LOQ_Gamer" name="com.dataplatform.bronze.BronzeIngesterSpec" tests="3" errors="0" failures="0" skipped="0" time="0.871" timestamp="2026-05-15T16:53:02">
          <properties>
[...]
</properties>
          <testcase classname="com.dataplatform.bronze.BronzeIngesterSpec" name="BronzeIngester should write valid records partitioned by ingest_date" time="0.477">
                      
                    </testcase><testcase classname="com.dataplatform.bronze.BronzeIngesterSpec" name="BronzeIngester should route corrupt records to dead-letter path" time="0.387">
                      
                    </testcase><testcase classname="com.dataplatform.bronze.BronzeIngesterSpec" name="BronzeIngester should expose rawSchema with the expected fields" time="0.007">
                      
                    </testcase>
          <system-out><![CDATA[]]></system-out>
          <system-err><![CDATA[]]></system-err>
        </testsuite>